0 info it worked if it ends with ok
1 verbose cli [
1 verbose cli   '/usr/bin/node',
1 verbose cli   '/usr/bin/npm',
1 verbose cli   'install',
1 verbose cli   '--no-cache',
1 verbose cli   '../../../apps/cic-meta'
1 verbose cli ]
2 info using npm@6.14.11
3 info using node@v15.6.0
4 verbose npm-session 64ba63e9b9f4a63f
5 silly install loadCurrentTree
6 silly install readLocalPackageData
7 silly pacote directory manifest for undefined@file:../../cic-meta fetched in 4ms
8 timing stage:loadCurrentTree Completed in 473ms
9 silly install loadIdealTree
10 silly install cloneCurrentTreeToIdealTree
11 timing stage:loadIdealTree:cloneCurrentTree Completed in 3ms
12 silly install loadShrinkwrap
13 timing stage:loadIdealTree:loadShrinkwrap Completed in 57ms
14 silly install loadAllDepsIntoIdealTree
15 silly resolveWithNewModule cic-client-meta@0.0.7-alpha.1 checking installable status
16 silly removeObsoleteDep removing cic-client-meta@0.0.7-alpha.1 from the tree as its been replaced by a newer version or is no longer required
17 silly removeObsoleteDep removing @ethereumjs/tx@3.0.0-beta.1 from the tree as its been replaced by a newer version or is no longer required
18 silly removeObsoleteDep removing @ethereumjs/common@2.0.0-beta.1 from the tree as its been replaced by a newer version or is no longer required
19 silly removeObsoleteDep removing crc-32@1.2.0 from the tree as its been replaced by a newer version or is no longer required
20 silly removeObsoleteDep removing exit-on-epipe@1.0.1 from the tree as its been replaced by a newer version or is no longer required
21 silly removeObsoleteDep removing printj@1.1.2 from the tree as its been replaced by a newer version or is no longer required
22 silly removeObsoleteDep removing automerge@0.14.1 from the tree as its been replaced by a newer version or is no longer required
23 silly removeObsoleteDep removing immutable@3.8.2 from the tree as its been replaced by a newer version or is no longer required
24 silly removeObsoleteDep removing transit-immutable-js@0.7.0 from the tree as its been replaced by a newer version or is no longer required
25 silly removeObsoleteDep removing transit-js@0.8.867 from the tree as its been replaced by a newer version or is no longer required
26 silly removeObsoleteDep removing ethereumjs-wallet@1.0.1 from the tree as its been replaced by a newer version or is no longer required
27 silly removeObsoleteDep removing aes-js@3.1.2 from the tree as its been replaced by a newer version or is no longer required
28 silly removeObsoleteDep removing bs58check@2.1.2 from the tree as its been replaced by a newer version or is no longer required
29 silly removeObsoleteDep removing bs58@4.0.1 from the tree as its been replaced by a newer version or is no longer required
30 silly removeObsoleteDep removing base-x@3.0.8 from the tree as its been replaced by a newer version or is no longer required
31 silly removeObsoleteDep removing create-hash@1.2.0 from the tree as its been replaced by a newer version or is no longer required
32 silly removeObsoleteDep removing cipher-base@1.0.4 from the tree as its been replaced by a newer version or is no longer required
33 silly removeObsoleteDep removing md5.js@1.3.5 from the tree as its been replaced by a newer version or is no longer required
34 silly removeObsoleteDep removing hash-base@3.1.0 from the tree as its been replaced by a newer version or is no longer required
35 silly removeObsoleteDep removing ripemd160@2.0.2 from the tree as its been replaced by a newer version or is no longer required
36 silly removeObsoleteDep removing sha.js@2.4.11 from the tree as its been replaced by a newer version or is no longer required
37 silly removeObsoleteDep removing ethereum-cryptography@0.1.3 from the tree as its been replaced by a newer version or is no longer required
38 silly removeObsoleteDep removing @types/pbkdf2@3.1.0 from the tree as its been replaced by a newer version or is no longer required
39 silly removeObsoleteDep removing @types/node@14.14.6 from the tree as its been replaced by a newer version or is no longer required
40 silly removeObsoleteDep removing @types/secp256k1@4.0.1 from the tree as its been replaced by a newer version or is no longer required
41 silly removeObsoleteDep removing blakejs@1.1.0 from the tree as its been replaced by a newer version or is no longer required
42 silly removeObsoleteDep removing browserify-aes@1.2.0 from the tree as its been replaced by a newer version or is no longer required
43 silly removeObsoleteDep removing buffer-xor@1.0.3 from the tree as its been replaced by a newer version or is no longer required
44 silly removeObsoleteDep removing evp_bytestokey@1.0.3 from the tree as its been replaced by a newer version or is no longer required
45 silly removeObsoleteDep removing create-hmac@1.1.7 from the tree as its been replaced by a newer version or is no longer required
46 silly removeObsoleteDep removing hash.js@1.1.7 from the tree as its been replaced by a newer version or is no longer required
47 silly removeObsoleteDep removing keccak@3.0.1 from the tree as its been replaced by a newer version or is no longer required
48 silly removeObsoleteDep removing node-gyp-build@4.2.3 from the tree as its been replaced by a newer version or is no longer required
49 silly removeObsoleteDep removing pbkdf2@3.1.1 from the tree as its been replaced by a newer version or is no longer required
50 silly removeObsoleteDep removing randombytes@2.1.0 from the tree as its been replaced by a newer version or is no longer required
51 silly removeObsoleteDep removing scrypt-js@3.0.1 from the tree as its been replaced by a newer version or is no longer required
52 silly removeObsoleteDep removing secp256k1@4.0.2 from the tree as its been replaced by a newer version or is no longer required
53 silly removeObsoleteDep removing elliptic@6.5.3 from the tree as its been replaced by a newer version or is no longer required
54 silly removeObsoleteDep removing brorand@1.1.0 from the tree as its been replaced by a newer version or is no longer required
55 silly removeObsoleteDep removing hmac-drbg@1.0.1 from the tree as its been replaced by a newer version or is no longer required
56 silly removeObsoleteDep removing minimalistic-crypto-utils@1.0.1 from the tree as its been replaced by a newer version or is no longer required
57 silly removeObsoleteDep removing setimmediate@1.0.5 from the tree as its been replaced by a newer version or is no longer required
58 silly removeObsoleteDep removing ethereumjs-util@7.0.7 from the tree as its been replaced by a newer version or is no longer required
59 silly removeObsoleteDep removing @types/bn.js@4.11.6 from the tree as its been replaced by a newer version or is no longer required
60 silly removeObsoleteDep removing bn.js@5.1.3 from the tree as its been replaced by a newer version or is no longer required
61 silly removeObsoleteDep removing ethjs-util@0.1.6 from the tree as its been replaced by a newer version or is no longer required
62 silly removeObsoleteDep removing is-hex-prefixed@1.0.0 from the tree as its been replaced by a newer version or is no longer required
63 silly removeObsoleteDep removing strip-hex-prefix@1.0.0 from the tree as its been replaced by a newer version or is no longer required
64 silly removeObsoleteDep removing rlp@2.2.6 from the tree as its been replaced by a newer version or is no longer required
65 silly removeObsoleteDep removing utf8@3.0.0 from the tree as its been replaced by a newer version or is no longer required
66 silly removeObsoleteDep removing openpgp@4.10.8 from the tree as its been replaced by a newer version or is no longer required
67 silly removeObsoleteDep removing asn1.js@5.4.1 from the tree as its been replaced by a newer version or is no longer required
68 silly removeObsoleteDep removing bn.js@4.11.9 from the tree as its been replaced by a newer version or is no longer required
69 silly removeObsoleteDep removing minimalistic-assert@1.0.1 from the tree as its been replaced by a newer version or is no longer required
70 silly removeObsoleteDep removing node-fetch@2.6.1 from the tree as its been replaced by a newer version or is no longer required
71 silly removeObsoleteDep removing node-localstorage@1.3.1 from the tree as its been replaced by a newer version or is no longer required
72 silly removeObsoleteDep removing write-file-atomic@1.3.4 from the tree as its been replaced by a newer version or is no longer required
73 silly removeObsoleteDep removing imurmurhash@0.1.4 from the tree as its been replaced by a newer version or is no longer required
74 silly removeObsoleteDep removing slide@1.1.6 from the tree as its been replaced by a newer version or is no longer required
75 silly removeObsoleteDep removing pg@8.4.2 from the tree as its been replaced by a newer version or is no longer required
76 silly removeObsoleteDep removing buffer-writer@2.0.0 from the tree as its been replaced by a newer version or is no longer required
77 silly removeObsoleteDep removing packet-reader@1.0.0 from the tree as its been replaced by a newer version or is no longer required
78 silly removeObsoleteDep removing pg-connection-string@2.4.0 from the tree as its been replaced by a newer version or is no longer required
79 silly removeObsoleteDep removing pg-pool@3.2.2 from the tree as its been replaced by a newer version or is no longer required
80 silly removeObsoleteDep removing pg-protocol@1.3.0 from the tree as its been replaced by a newer version or is no longer required
81 silly removeObsoleteDep removing pg-types@2.2.0 from the tree as its been replaced by a newer version or is no longer required
82 silly removeObsoleteDep removing pg-int8@1.0.1 from the tree as its been replaced by a newer version or is no longer required
83 silly removeObsoleteDep removing postgres-array@2.0.0 from the tree as its been replaced by a newer version or is no longer required
84 silly removeObsoleteDep removing postgres-bytea@1.0.0 from the tree as its been replaced by a newer version or is no longer required
85 silly removeObsoleteDep removing postgres-date@1.0.7 from the tree as its been replaced by a newer version or is no longer required
86 silly removeObsoleteDep removing postgres-interval@1.2.0 from the tree as its been replaced by a newer version or is no longer required
87 silly removeObsoleteDep removing xtend@4.0.2 from the tree as its been replaced by a newer version or is no longer required
88 silly removeObsoleteDep removing pgpass@1.0.4 from the tree as its been replaced by a newer version or is no longer required
89 silly removeObsoleteDep removing split2@3.2.2 from the tree as its been replaced by a newer version or is no longer required
90 silly removeObsoleteDep removing readable-stream@3.6.0 from the tree as its been replaced by a newer version or is no longer required
91 silly removeObsoleteDep removing string_decoder@1.3.0 from the tree as its been replaced by a newer version or is no longer required
92 silly removeObsoleteDep removing sqlite3@5.0.0 from the tree as its been replaced by a newer version or is no longer required
93 silly removeObsoleteDep removing node-addon-api@2.0.0 from the tree as its been replaced by a newer version or is no longer required
94 silly removeObsoleteDep removing node-gyp@3.8.0 from the tree as its been replaced by a newer version or is no longer required
95 silly removeObsoleteDep removing fstream@1.0.12 from the tree as its been replaced by a newer version or is no longer required
96 silly removeObsoleteDep removing graceful-fs@4.2.4 from the tree as its been replaced by a newer version or is no longer required
97 silly removeObsoleteDep removing inherits@2.0.4 from the tree as its been replaced by a newer version or is no longer required
98 silly removeObsoleteDep removing mkdirp@0.5.5 from the tree as its been replaced by a newer version or is no longer required
99 silly removeObsoleteDep removing minimist@1.2.5 from the tree as its been replaced by a newer version or is no longer required
100 silly removeObsoleteDep removing rimraf@2.7.1 from the tree as its been replaced by a newer version or is no longer required
101 silly removeObsoleteDep removing glob@7.1.6 from the tree as its been replaced by a newer version or is no longer required
102 silly removeObsoleteDep removing fs.realpath@1.0.0 from the tree as its been replaced by a newer version or is no longer required
103 silly removeObsoleteDep removing inflight@1.0.6 from the tree as its been replaced by a newer version or is no longer required
104 silly removeObsoleteDep removing once@1.4.0 from the tree as its been replaced by a newer version or is no longer required
105 silly removeObsoleteDep removing wrappy@1.0.2 from the tree as its been replaced by a newer version or is no longer required
106 silly removeObsoleteDep removing minimatch@3.0.4 from the tree as its been replaced by a newer version or is no longer required
107 silly removeObsoleteDep removing brace-expansion@1.1.11 from the tree as its been replaced by a newer version or is no longer required
108 silly removeObsoleteDep removing balanced-match@1.0.0 from the tree as its been replaced by a newer version or is no longer required
109 silly removeObsoleteDep removing concat-map@0.0.1 from the tree as its been replaced by a newer version or is no longer required
110 silly removeObsoleteDep removing path-is-absolute@1.0.1 from the tree as its been replaced by a newer version or is no longer required
111 silly removeObsoleteDep removing nopt@3.0.6 from the tree as its been replaced by a newer version or is no longer required
112 silly removeObsoleteDep removing abbrev@1.1.1 from the tree as its been replaced by a newer version or is no longer required
113 silly removeObsoleteDep removing npmlog@4.1.2 from the tree as its been replaced by a newer version or is no longer required
114 silly removeObsoleteDep removing are-we-there-yet@1.1.5 from the tree as its been replaced by a newer version or is no longer required
115 silly removeObsoleteDep removing delegates@1.0.0 from the tree as its been replaced by a newer version or is no longer required
116 silly removeObsoleteDep removing readable-stream@2.3.7 from the tree as its been replaced by a newer version or is no longer required
117 silly removeObsoleteDep removing core-util-is@1.0.2 from the tree as its been replaced by a newer version or is no longer required
118 silly removeObsoleteDep removing isarray@1.0.0 from the tree as its been replaced by a newer version or is no longer required
119 silly removeObsoleteDep removing process-nextick-args@2.0.1 from the tree as its been replaced by a newer version or is no longer required
120 silly removeObsoleteDep removing safe-buffer@5.1.2 from the tree as its been replaced by a newer version or is no longer required
121 silly removeObsoleteDep removing string_decoder@1.1.1 from the tree as its been replaced by a newer version or is no longer required
122 silly removeObsoleteDep removing util-deprecate@1.0.2 from the tree as its been replaced by a newer version or is no longer required
123 silly removeObsoleteDep removing console-control-strings@1.1.0 from the tree as its been replaced by a newer version or is no longer required
124 silly removeObsoleteDep removing gauge@2.7.4 from the tree as its been replaced by a newer version or is no longer required
125 silly removeObsoleteDep removing aproba@1.2.0 from the tree as its been replaced by a newer version or is no longer required
126 silly removeObsoleteDep removing has-unicode@2.0.1 from the tree as its been replaced by a newer version or is no longer required
127 silly removeObsoleteDep removing object-assign@4.1.1 from the tree as its been replaced by a newer version or is no longer required
128 silly removeObsoleteDep removing signal-exit@3.0.3 from the tree as its been replaced by a newer version or is no longer required
129 silly removeObsoleteDep removing string-width@1.0.2 from the tree as its been replaced by a newer version or is no longer required
130 silly removeObsoleteDep removing code-point-at@1.1.0 from the tree as its been replaced by a newer version or is no longer required
131 silly removeObsoleteDep removing is-fullwidth-code-point@1.0.0 from the tree as its been replaced by a newer version or is no longer required
132 silly removeObsoleteDep removing number-is-nan@1.0.1 from the tree as its been replaced by a newer version or is no longer required
133 silly removeObsoleteDep removing strip-ansi@3.0.1 from the tree as its been replaced by a newer version or is no longer required
134 silly removeObsoleteDep removing ansi-regex@2.1.1 from the tree as its been replaced by a newer version or is no longer required
135 silly removeObsoleteDep removing wide-align@1.1.3 from the tree as its been replaced by a newer version or is no longer required
136 silly removeObsoleteDep removing set-blocking@2.0.0 from the tree as its been replaced by a newer version or is no longer required
137 silly removeObsoleteDep removing osenv@0.1.5 from the tree as its been replaced by a newer version or is no longer required
138 silly removeObsoleteDep removing os-homedir@1.0.2 from the tree as its been replaced by a newer version or is no longer required
139 silly removeObsoleteDep removing os-tmpdir@1.0.2 from the tree as its been replaced by a newer version or is no longer required
140 silly removeObsoleteDep removing request@2.88.2 from the tree as its been replaced by a newer version or is no longer required
141 silly removeObsoleteDep removing aws-sign2@0.7.0 from the tree as its been replaced by a newer version or is no longer required
142 silly removeObsoleteDep removing aws4@1.11.0 from the tree as its been replaced by a newer version or is no longer required
143 silly removeObsoleteDep removing caseless@0.12.0 from the tree as its been replaced by a newer version or is no longer required
144 silly removeObsoleteDep removing combined-stream@1.0.8 from the tree as its been replaced by a newer version or is no longer required
145 silly removeObsoleteDep removing delayed-stream@1.0.0 from the tree as its been replaced by a newer version or is no longer required
146 silly removeObsoleteDep removing extend@3.0.2 from the tree as its been replaced by a newer version or is no longer required
147 silly removeObsoleteDep removing forever-agent@0.6.1 from the tree as its been replaced by a newer version or is no longer required
148 silly removeObsoleteDep removing form-data@2.3.3 from the tree as its been replaced by a newer version or is no longer required
149 silly removeObsoleteDep removing asynckit@0.4.0 from the tree as its been replaced by a newer version or is no longer required
150 silly removeObsoleteDep removing mime-types@2.1.27 from the tree as its been replaced by a newer version or is no longer required
151 silly removeObsoleteDep removing mime-db@1.44.0 from the tree as its been replaced by a newer version or is no longer required
152 silly removeObsoleteDep removing har-validator@5.1.5 from the tree as its been replaced by a newer version or is no longer required
153 silly removeObsoleteDep removing ajv@6.12.6 from the tree as its been replaced by a newer version or is no longer required
154 silly removeObsoleteDep removing fast-deep-equal@3.1.3 from the tree as its been replaced by a newer version or is no longer required
155 silly removeObsoleteDep removing fast-json-stable-stringify@2.1.0 from the tree as its been replaced by a newer version or is no longer required
156 silly removeObsoleteDep removing json-schema-traverse@0.4.1 from the tree as its been replaced by a newer version or is no longer required
157 silly removeObsoleteDep removing uri-js@4.4.0 from the tree as its been replaced by a newer version or is no longer required
158 silly removeObsoleteDep removing punycode@2.1.1 from the tree as its been replaced by a newer version or is no longer required
159 silly removeObsoleteDep removing har-schema@2.0.0 from the tree as its been replaced by a newer version or is no longer required
160 silly removeObsoleteDep removing http-signature@1.2.0 from the tree as its been replaced by a newer version or is no longer required
161 silly removeObsoleteDep removing assert-plus@1.0.0 from the tree as its been replaced by a newer version or is no longer required
162 silly removeObsoleteDep removing jsprim@1.4.1 from the tree as its been replaced by a newer version or is no longer required
163 silly removeObsoleteDep removing extsprintf@1.3.0 from the tree as its been replaced by a newer version or is no longer required
164 silly removeObsoleteDep removing json-schema@0.2.3 from the tree as its been replaced by a newer version or is no longer required
165 silly removeObsoleteDep removing verror@1.10.0 from the tree as its been replaced by a newer version or is no longer required
166 silly removeObsoleteDep removing sshpk@1.16.1 from the tree as its been replaced by a newer version or is no longer required
167 silly removeObsoleteDep removing asn1@0.2.4 from the tree as its been replaced by a newer version or is no longer required
168 silly removeObsoleteDep removing safer-buffer@2.1.2 from the tree as its been replaced by a newer version or is no longer required
169 silly removeObsoleteDep removing bcrypt-pbkdf@1.0.2 from the tree as its been replaced by a newer version or is no longer required
170 silly removeObsoleteDep removing tweetnacl@0.14.5 from the tree as its been replaced by a newer version or is no longer required
171 silly removeObsoleteDep removing dashdash@1.14.1 from the tree as its been replaced by a newer version or is no longer required
172 silly removeObsoleteDep removing ecc-jsbn@0.1.2 from the tree as its been replaced by a newer version or is no longer required
173 silly removeObsoleteDep removing jsbn@0.1.1 from the tree as its been replaced by a newer version or is no longer required
174 silly removeObsoleteDep removing getpass@0.1.7 from the tree as its been replaced by a newer version or is no longer required
175 silly removeObsoleteDep removing is-typedarray@1.0.0 from the tree as its been replaced by a newer version or is no longer required
176 silly removeObsoleteDep removing isstream@0.1.2 from the tree as its been replaced by a newer version or is no longer required
177 silly removeObsoleteDep removing json-stringify-safe@5.0.1 from the tree as its been replaced by a newer version or is no longer required
178 silly removeObsoleteDep removing oauth-sign@0.9.0 from the tree as its been replaced by a newer version or is no longer required
179 silly removeObsoleteDep removing performance-now@2.1.0 from the tree as its been replaced by a newer version or is no longer required
180 silly removeObsoleteDep removing qs@6.5.2 from the tree as its been replaced by a newer version or is no longer required
181 silly removeObsoleteDep removing safe-buffer@5.2.1 from the tree as its been replaced by a newer version or is no longer required
182 silly removeObsoleteDep removing tough-cookie@2.5.0 from the tree as its been replaced by a newer version or is no longer required
183 silly removeObsoleteDep removing psl@1.8.0 from the tree as its been replaced by a newer version or is no longer required
184 silly removeObsoleteDep removing tunnel-agent@0.6.0 from the tree as its been replaced by a newer version or is no longer required
185 silly removeObsoleteDep removing uuid@3.4.0 from the tree as its been replaced by a newer version or is no longer required
186 silly removeObsoleteDep removing semver@5.3.0 from the tree as its been replaced by a newer version or is no longer required
187 silly removeObsoleteDep removing tar@2.2.2 from the tree as its been replaced by a newer version or is no longer required
188 silly removeObsoleteDep removing block-stream@0.0.9 from the tree as its been replaced by a newer version or is no longer required
189 silly removeObsoleteDep removing which@1.3.1 from the tree as its been replaced by a newer version or is no longer required
190 silly removeObsoleteDep removing isexe@2.0.0 from the tree as its been replaced by a newer version or is no longer required
191 silly removeObsoleteDep removing node-pre-gyp@0.11.0 from the tree as its been replaced by a newer version or is no longer required
192 silly removeObsoleteDep removing detect-libc@1.0.3 from the tree as its been replaced by a newer version or is no longer required
193 silly removeObsoleteDep removing needle@2.5.2 from the tree as its been replaced by a newer version or is no longer required
194 silly removeObsoleteDep removing debug@3.2.6 from the tree as its been replaced by a newer version or is no longer required
195 silly removeObsoleteDep removing ms@2.1.2 from the tree as its been replaced by a newer version or is no longer required
196 silly removeObsoleteDep removing iconv-lite@0.4.24 from the tree as its been replaced by a newer version or is no longer required
197 silly removeObsoleteDep removing sax@1.2.4 from the tree as its been replaced by a newer version or is no longer required
198 silly removeObsoleteDep removing nopt@4.0.3 from the tree as its been replaced by a newer version or is no longer required
199 silly removeObsoleteDep removing npm-packlist@1.4.8 from the tree as its been replaced by a newer version or is no longer required
200 silly removeObsoleteDep removing ignore-walk@3.0.3 from the tree as its been replaced by a newer version or is no longer required
201 silly removeObsoleteDep removing npm-bundled@1.1.1 from the tree as its been replaced by a newer version or is no longer required
202 silly removeObsoleteDep removing npm-normalize-package-bin@1.0.1 from the tree as its been replaced by a newer version or is no longer required
203 silly removeObsoleteDep removing rc@1.2.8 from the tree as its been replaced by a newer version or is no longer required
204 silly removeObsoleteDep removing deep-extend@0.6.0 from the tree as its been replaced by a newer version or is no longer required
205 silly removeObsoleteDep removing ini@1.3.5 from the tree as its been replaced by a newer version or is no longer required
206 silly removeObsoleteDep removing strip-json-comments@2.0.1 from the tree as its been replaced by a newer version or is no longer required
207 silly removeObsoleteDep removing tar@4.4.13 from the tree as its been replaced by a newer version or is no longer required
208 silly removeObsoleteDep removing chownr@1.1.4 from the tree as its been replaced by a newer version or is no longer required
209 silly removeObsoleteDep removing fs-minipass@1.2.7 from the tree as its been replaced by a newer version or is no longer required
210 silly removeObsoleteDep removing minipass@2.9.0 from the tree as its been replaced by a newer version or is no longer required
211 silly removeObsoleteDep removing yallist@3.1.1 from the tree as its been replaced by a newer version or is no longer required
212 silly removeObsoleteDep removing minizlib@1.3.3 from the tree as its been replaced by a newer version or is no longer required
213 silly removeObsoleteDep removing yargs@16.1.0 from the tree as its been replaced by a newer version or is no longer required
214 silly removeObsoleteDep removing cliui@7.0.3 from the tree as its been replaced by a newer version or is no longer required
215 silly removeObsoleteDep removing string-width@4.2.0 from the tree as its been replaced by a newer version or is no longer required
216 silly removeObsoleteDep removing emoji-regex@8.0.0 from the tree as its been replaced by a newer version or is no longer required
217 silly removeObsoleteDep removing is-fullwidth-code-point@3.0.0 from the tree as its been replaced by a newer version or is no longer required
218 silly removeObsoleteDep removing strip-ansi@6.0.0 from the tree as its been replaced by a newer version or is no longer required
219 silly removeObsoleteDep removing ansi-regex@5.0.0 from the tree as its been replaced by a newer version or is no longer required
220 silly removeObsoleteDep removing wrap-ansi@7.0.0 from the tree as its been replaced by a newer version or is no longer required
221 silly removeObsoleteDep removing ansi-styles@4.3.0 from the tree as its been replaced by a newer version or is no longer required
222 silly removeObsoleteDep removing color-convert@2.0.1 from the tree as its been replaced by a newer version or is no longer required
223 silly removeObsoleteDep removing color-name@1.1.4 from the tree as its been replaced by a newer version or is no longer required
224 silly removeObsoleteDep removing string-width@4.2.0 from the tree as its been replaced by a newer version or is no longer required
225 silly removeObsoleteDep removing is-fullwidth-code-point@3.0.0 from the tree as its been replaced by a newer version or is no longer required
226 silly removeObsoleteDep removing strip-ansi@6.0.0 from the tree as its been replaced by a newer version or is no longer required
227 silly removeObsoleteDep removing ansi-regex@5.0.0 from the tree as its been replaced by a newer version or is no longer required
228 silly removeObsoleteDep removing escalade@3.1.1 from the tree as its been replaced by a newer version or is no longer required
229 silly removeObsoleteDep removing get-caller-file@2.0.5 from the tree as its been replaced by a newer version or is no longer required
230 silly removeObsoleteDep removing require-directory@2.1.1 from the tree as its been replaced by a newer version or is no longer required
231 silly removeObsoleteDep removing string-width@4.2.0 from the tree as its been replaced by a newer version or is no longer required
232 silly removeObsoleteDep removing is-fullwidth-code-point@3.0.0 from the tree as its been replaced by a newer version or is no longer required
233 silly removeObsoleteDep removing strip-ansi@6.0.0 from the tree as its been replaced by a newer version or is no longer required
234 silly removeObsoleteDep removing ansi-regex@5.0.0 from the tree as its been replaced by a newer version or is no longer required
235 silly removeObsoleteDep removing y18n@5.0.5 from the tree as its been replaced by a newer version or is no longer required
236 silly removeObsoleteDep removing yargs-parser@20.2.3 from the tree as its been replaced by a newer version or is no longer required
237 timing stage:loadIdealTree:loadAllDepsIntoIdealTree Completed in 339ms
238 timing stage:loadIdealTree Completed in 441ms
239 silly currentTree scripts
239 silly currentTree └─┬ cic-client-meta@0.0.7-alpha.1
239 silly currentTree   ├── @ethereumjs/common@2.0.0-beta.1
239 silly currentTree   ├── @ethereumjs/tx@3.0.0-beta.1
239 silly currentTree   ├── @types/bn.js@4.11.6
239 silly currentTree   ├── @types/eslint-scope@3.7.0
239 silly currentTree   ├── @types/eslint@7.2.4
239 silly currentTree   ├── @types/estree@0.0.45
239 silly currentTree   ├── @types/json-schema@7.0.6
239 silly currentTree   ├── @types/mocha@8.0.3
239 silly currentTree   ├── @types/node@14.14.6
239 silly currentTree   ├── @types/pbkdf2@3.1.0
239 silly currentTree   ├── @types/secp256k1@4.0.1
239 silly currentTree   ├── @ungap/promise-all-settled@1.1.2
239 silly currentTree   ├── @webassemblyjs/ast@1.9.0
239 silly currentTree   ├── @webassemblyjs/floating-point-hex-parser@1.9.0
239 silly currentTree   ├── @webassemblyjs/helper-api-error@1.9.0
239 silly currentTree   ├── @webassemblyjs/helper-buffer@1.9.0
239 silly currentTree   ├── @webassemblyjs/helper-code-frame@1.9.0
239 silly currentTree   ├── @webassemblyjs/helper-fsm@1.9.0
239 silly currentTree   ├── @webassemblyjs/helper-module-context@1.9.0
239 silly currentTree   ├── @webassemblyjs/helper-wasm-bytecode@1.9.0
239 silly currentTree   ├── @webassemblyjs/helper-wasm-section@1.9.0
239 silly currentTree   ├── @webassemblyjs/ieee754@1.9.0
239 silly currentTree   ├── @webassemblyjs/leb128@1.9.0
239 silly currentTree   ├── @webassemblyjs/utf8@1.9.0
239 silly currentTree   ├── @webassemblyjs/wasm-edit@1.9.0
239 silly currentTree   ├── @webassemblyjs/wasm-gen@1.9.0
239 silly currentTree   ├── @webassemblyjs/wasm-opt@1.9.0
239 silly currentTree   ├── @webassemblyjs/wasm-parser@1.9.0
239 silly currentTree   ├── @webassemblyjs/wast-parser@1.9.0
239 silly currentTree   ├── @webassemblyjs/wast-printer@1.9.0
239 silly currentTree   ├── @webpack-cli/info@1.1.0
239 silly currentTree   ├── @webpack-cli/serve@1.1.0
239 silly currentTree   ├── @xtuc/ieee754@1.2.0
239 silly currentTree   ├── @xtuc/long@4.2.2
239 silly currentTree   ├── abbrev@1.1.1
239 silly currentTree   ├── acorn@8.0.4
239 silly currentTree   ├── aes-js@3.1.2
239 silly currentTree   ├── ajv-keywords@3.5.2
239 silly currentTree   ├── ajv@6.12.6
239 silly currentTree   ├── ansi-colors@4.1.1
239 silly currentTree   ├── ansi-regex@2.1.1
239 silly currentTree   ├── ansi-styles@4.3.0
239 silly currentTree   ├── anymatch@3.1.1
239 silly currentTree   ├── aproba@1.2.0
239 silly currentTree   ├─┬ are-we-there-yet@1.1.5
239 silly currentTree   │ ├── readable-stream@2.3.7
239 silly currentTree   │ ├── safe-buffer@5.1.2
239 silly currentTree   │ └── string_decoder@1.1.1
239 silly currentTree   ├── arg@4.1.3
239 silly currentTree   ├── argparse@1.0.10
239 silly currentTree   ├── array-back@4.0.1
239 silly currentTree   ├── asn1.js@5.4.1
239 silly currentTree   ├── asn1@0.2.4
239 silly currentTree   ├── assert-plus@1.0.0
239 silly currentTree   ├── asynckit@0.4.0
239 silly currentTree   ├── automerge@0.14.1
239 silly currentTree   ├── aws-sign2@0.7.0
239 silly currentTree   ├── aws4@1.11.0
239 silly currentTree   ├── balanced-match@1.0.0
239 silly currentTree   ├── base-x@3.0.8
239 silly currentTree   ├── bcrypt-pbkdf@1.0.2
239 silly currentTree   ├── binary-extensions@2.1.0
239 silly currentTree   ├── blakejs@1.1.0
239 silly currentTree   ├── block-stream@0.0.9
239 silly currentTree   ├── bn.js@4.11.9
239 silly currentTree   ├── brace-expansion@1.1.11
239 silly currentTree   ├── braces@3.0.2
239 silly currentTree   ├── brorand@1.1.0
239 silly currentTree   ├── browser-stdout@1.3.1
239 silly currentTree   ├── browserify-aes@1.2.0
239 silly currentTree   ├── browserslist@4.14.6
239 silly currentTree   ├── bs58@4.0.1
239 silly currentTree   ├── bs58check@2.1.2
239 silly currentTree   ├── buffer-from@1.1.1
239 silly currentTree   ├── buffer-writer@2.0.0
239 silly currentTree   ├── buffer-xor@1.0.3
239 silly currentTree   ├── camelcase@5.3.1
239 silly currentTree   ├── caniuse-lite@1.0.30001156
239 silly currentTree   ├── caseless@0.12.0
239 silly currentTree   ├── chalk@4.1.0
239 silly currentTree   ├── chokidar@3.4.3
239 silly currentTree   ├── chownr@1.1.4
239 silly currentTree   ├── chrome-trace-event@1.0.2
239 silly currentTree   ├── cipher-base@1.0.4
239 silly currentTree   ├─┬ cliui@7.0.3
239 silly currentTree   │ ├── ansi-regex@5.0.0
239 silly currentTree   │ ├── is-fullwidth-code-point@3.0.0
239 silly currentTree   │ ├── string-width@4.2.0
239 silly currentTree   │ └── strip-ansi@6.0.0
239 silly currentTree   ├── code-point-at@1.1.0
239 silly currentTree   ├── color-convert@2.0.1
239 silly currentTree   ├── color-name@1.1.4
239 silly currentTree   ├── colorette@1.2.1
239 silly currentTree   ├── combined-stream@1.0.8
239 silly currentTree   ├─┬ command-line-usage@6.1.0
239 silly currentTree   │ ├── ansi-styles@3.2.1
239 silly currentTree   │ ├── chalk@2.4.2
239 silly currentTree   │ ├── color-convert@1.9.3
239 silly currentTree   │ ├── color-name@1.1.3
239 silly currentTree   │ ├── escape-string-regexp@1.0.5
239 silly currentTree   │ ├── has-flag@3.0.0
239 silly currentTree   │ └── supports-color@5.5.0
239 silly currentTree   ├── commander@2.20.3
239 silly currentTree   ├── concat-map@0.0.1
239 silly currentTree   ├── console-control-strings@1.1.0
239 silly currentTree   ├── core-util-is@1.0.2
239 silly currentTree   ├── crc-32@1.2.0
239 silly currentTree   ├── create-hash@1.2.0
239 silly currentTree   ├── create-hmac@1.1.7
239 silly currentTree   ├─┬ cross-spawn@7.0.3
239 silly currentTree   │ └── which@2.0.2
239 silly currentTree   ├── dashdash@1.14.1
239 silly currentTree   ├── debug@3.2.6
239 silly currentTree   ├── decamelize@1.2.0
239 silly currentTree   ├── deep-extend@0.6.0
239 silly currentTree   ├── delayed-stream@1.0.0
239 silly currentTree   ├── delegates@1.0.0
239 silly currentTree   ├── detect-libc@1.0.3
239 silly currentTree   ├── diff@4.0.2
239 silly currentTree   ├── ecc-jsbn@0.1.2
239 silly currentTree   ├── electron-to-chromium@1.3.591
239 silly currentTree   ├── elliptic@6.5.3
239 silly currentTree   ├── emoji-regex@8.0.0
239 silly currentTree   ├── end-of-stream@1.4.4
239 silly currentTree   ├── enhanced-resolve@5.3.1
239 silly currentTree   ├── enquirer@2.3.6
239 silly currentTree   ├── envinfo@7.7.3
239 silly currentTree   ├── escalade@3.1.1
239 silly currentTree   ├── escape-string-regexp@4.0.0
239 silly currentTree   ├── eslint-scope@5.1.1
239 silly currentTree   ├── esprima@4.0.1
239 silly currentTree   ├─┬ esrecurse@4.3.0
239 silly currentTree   │ └── estraverse@5.2.0
239 silly currentTree   ├── estraverse@4.3.0
239 silly currentTree   ├── ethereum-cryptography@0.1.3
239 silly currentTree   ├─┬ ethereumjs-util@7.0.7
239 silly currentTree   │ └── bn.js@5.1.3
239 silly currentTree   ├── ethereumjs-wallet@1.0.1
239 silly currentTree   ├── ethjs-util@0.1.6
239 silly currentTree   ├── events@3.2.0
239 silly currentTree   ├── evp_bytestokey@1.0.3
239 silly currentTree   ├── execa@4.1.0
239 silly currentTree   ├── exit-on-epipe@1.0.1
239 silly currentTree   ├── extend@3.0.2
239 silly currentTree   ├── extsprintf@1.3.0
239 silly currentTree   ├── fast-deep-equal@3.1.3
239 silly currentTree   ├── fast-json-stable-stringify@2.1.0
239 silly currentTree   ├── fill-range@7.0.1
239 silly currentTree   ├── find-up@5.0.0
239 silly currentTree   ├── flat@5.0.2
239 silly currentTree   ├── forever-agent@0.6.1
239 silly currentTree   ├── form-data@2.3.3
239 silly currentTree   ├── fs-minipass@1.2.7
239 silly currentTree   ├── fs.realpath@1.0.0
239 silly currentTree   ├── fstream@1.0.12
239 silly currentTree   ├── function-bind@1.1.1
239 silly currentTree   ├── gauge@2.7.4
239 silly currentTree   ├── get-caller-file@2.0.5
239 silly currentTree   ├── get-stream@5.2.0
239 silly currentTree   ├── getpass@0.1.7
239 silly currentTree   ├── glob-parent@5.1.1
239 silly currentTree   ├── glob-to-regexp@0.4.1
239 silly currentTree   ├── glob@7.1.6
239 silly currentTree   ├── graceful-fs@4.2.4
239 silly currentTree   ├── growl@1.10.5
239 silly currentTree   ├── har-schema@2.0.0
239 silly currentTree   ├── har-validator@5.1.5
239 silly currentTree   ├── has-flag@4.0.0
239 silly currentTree   ├── has-unicode@2.0.1
239 silly currentTree   ├── has@1.0.3
239 silly currentTree   ├── hash-base@3.1.0
239 silly currentTree   ├── hash.js@1.1.7
239 silly currentTree   ├── he@1.2.0
239 silly currentTree   ├── hmac-drbg@1.0.1
239 silly currentTree   ├── http-signature@1.2.0
239 silly currentTree   ├── human-signals@1.1.1
239 silly currentTree   ├── iconv-lite@0.4.24
239 silly currentTree   ├── ignore-walk@3.0.3
239 silly currentTree   ├── immutable@3.8.2
239 silly currentTree   ├── import-local@3.0.2
239 silly currentTree   ├── imurmurhash@0.1.4
239 silly currentTree   ├── inflight@1.0.6
239 silly currentTree   ├── inherits@2.0.4
239 silly currentTree   ├── ini@1.3.5
239 silly currentTree   ├── interpret@2.2.0
239 silly currentTree   ├── is-binary-path@2.1.0
239 silly currentTree   ├── is-core-module@2.1.0
239 silly currentTree   ├── is-extglob@2.1.1
239 silly currentTree   ├── is-fullwidth-code-point@1.0.0
239 silly currentTree   ├── is-glob@4.0.1
239 silly currentTree   ├── is-hex-prefixed@1.0.0
239 silly currentTree   ├── is-number@7.0.0
239 silly currentTree   ├── is-plain-obj@2.1.0
239 silly currentTree   ├── is-stream@2.0.0
239 silly currentTree   ├── is-typedarray@1.0.0
239 silly currentTree   ├── isarray@1.0.0
239 silly currentTree   ├── isexe@2.0.0
239 silly currentTree   ├── isstream@0.1.2
239 silly currentTree   ├── jest-worker@26.6.2
239 silly currentTree   ├── js-yaml@3.14.0
239 silly currentTree   ├── jsbn@0.1.1
239 silly currentTree   ├── json-parse-better-errors@1.0.2
239 silly currentTree   ├── json-schema-traverse@0.4.1
239 silly currentTree   ├── json-schema@0.2.3
239 silly currentTree   ├── json-stringify-safe@5.0.1
239 silly currentTree   ├── jsprim@1.4.1
239 silly currentTree   ├── keccak@3.0.1
239 silly currentTree   ├── leven@3.1.0
239 silly currentTree   ├── loader-runner@4.1.0
239 silly currentTree   ├── locate-path@6.0.0
239 silly currentTree   ├── lodash@4.17.20
239 silly currentTree   ├── log-symbols@4.0.0
239 silly currentTree   ├── make-error@1.3.6
239 silly currentTree   ├── md5.js@1.3.5
239 silly currentTree   ├── merge-stream@2.0.0
239 silly currentTree   ├── mime-db@1.44.0
239 silly currentTree   ├── mime-types@2.1.27
239 silly currentTree   ├── mimic-fn@2.1.0
239 silly currentTree   ├── minimalistic-assert@1.0.1
239 silly currentTree   ├── minimalistic-crypto-utils@1.0.1
239 silly currentTree   ├── minimatch@3.0.4
239 silly currentTree   ├── minimist@1.2.5
239 silly currentTree   ├── minipass@2.9.0
239 silly currentTree   ├── minizlib@1.3.3
239 silly currentTree   ├── mkdirp@0.5.5
239 silly currentTree   ├─┬ mocha@8.2.1
239 silly currentTree   │ ├── ansi-regex@4.1.0
239 silly currentTree   │ ├── ansi-styles@3.2.1
239 silly currentTree   │ ├── cliui@5.0.0
239 silly currentTree   │ ├── color-convert@1.9.3
239 silly currentTree   │ ├── color-name@1.1.3
239 silly currentTree   │ ├── debug@4.2.0
239 silly currentTree   │ ├── emoji-regex@7.0.3
239 silly currentTree   │ ├── is-fullwidth-code-point@2.0.0
239 silly currentTree   │ ├── locate-path@3.0.0
239 silly currentTree   │ ├── p-limit@2.3.0
239 silly currentTree   │ ├── p-locate@3.0.0
239 silly currentTree   │ ├── path-exists@3.0.0
239 silly currentTree   │ ├── string-width@3.1.0
239 silly currentTree   │ ├── strip-ansi@5.2.0
239 silly currentTree   │ ├── strip-json-comments@3.1.1
239 silly currentTree   │ ├── which@2.0.2
239 silly currentTree   │ ├── wrap-ansi@5.1.0
239 silly currentTree   │ ├── y18n@4.0.0
239 silly currentTree   │ ├── yargs-parser@13.1.2
239 silly currentTree   │ └─┬ yargs@13.3.2
239 silly currentTree   │   └── find-up@3.0.0
239 silly currentTree   ├── ms@2.1.2
239 silly currentTree   ├── nanoid@3.1.12
239 silly currentTree   ├── needle@2.5.2
239 silly currentTree   ├── neo-async@2.6.2
239 silly currentTree   ├── node-addon-api@2.0.0
239 silly currentTree   ├── node-fetch@2.6.1
239 silly currentTree   ├── node-gyp-build@4.2.3
239 silly currentTree   ├── node-gyp@3.8.0
239 silly currentTree   ├── node-localstorage@2.1.6
239 silly currentTree   ├─┬ node-pre-gyp@0.11.0
239 silly currentTree   │ ├── nopt@4.0.3
239 silly currentTree   │ └── tar@4.4.13
239 silly currentTree   ├── node-releases@1.1.66
239 silly currentTree   ├── nopt@3.0.6
239 silly currentTree   ├── normalize-path@3.0.0
239 silly currentTree   ├── npm-bundled@1.1.1
239 silly currentTree   ├── npm-normalize-package-bin@1.0.1
239 silly currentTree   ├── npm-packlist@1.4.8
239 silly currentTree   ├── npm-run-path@4.0.1
239 silly currentTree   ├── npmlog@4.1.2
239 silly currentTree   ├── number-is-nan@1.0.1
239 silly currentTree   ├── oauth-sign@0.9.0
239 silly currentTree   ├── object-assign@4.1.1
239 silly currentTree   ├── once@1.4.0
239 silly currentTree   ├── onetime@5.1.2
239 silly currentTree   ├─┬ openpgp@4.10.8
239 silly currentTree   │ └── node-localstorage@1.3.1
239 silly currentTree   ├── os-homedir@1.0.2
239 silly currentTree   ├── os-tmpdir@1.0.2
239 silly currentTree   ├── osenv@0.1.5
239 silly currentTree   ├── p-limit@3.0.2
239 silly currentTree   ├── p-locate@5.0.0
239 silly currentTree   ├── p-try@2.2.0
239 silly currentTree   ├── packet-reader@1.0.0
239 silly currentTree   ├── path-exists@4.0.0
239 silly currentTree   ├── path-is-absolute@1.0.1
239 silly currentTree   ├── path-key@3.1.1
239 silly currentTree   ├── path-parse@1.0.6
239 silly currentTree   ├── pbkdf2@3.1.1
239 silly currentTree   ├── performance-now@2.1.0
239 silly currentTree   ├── pg-connection-string@2.4.0
239 silly currentTree   ├── pg-int8@1.0.1
239 silly currentTree   ├── pg-pool@3.2.2
239 silly currentTree   ├── pg-protocol@1.3.0
239 silly currentTree   ├── pg-types@2.2.0
239 silly currentTree   ├── pg@8.4.2
239 silly currentTree   ├── pgpass@1.0.4
239 silly currentTree   ├── picomatch@2.2.2
239 silly currentTree   ├─┬ pkg-dir@4.2.0
239 silly currentTree   │ ├── find-up@4.1.0
239 silly currentTree   │ ├── locate-path@5.0.0
239 silly currentTree   │ ├── p-limit@2.3.0
239 silly currentTree   │ └── p-locate@4.1.0
239 silly currentTree   ├── postgres-array@2.0.0
239 silly currentTree   ├── postgres-bytea@1.0.0
239 silly currentTree   ├── postgres-date@1.0.7
239 silly currentTree   ├── postgres-interval@1.2.0
239 silly currentTree   ├── printj@1.1.2
239 silly currentTree   ├── process-nextick-args@2.0.1
239 silly currentTree   ├── psl@1.8.0
239 silly currentTree   ├── pump@3.0.0
239 silly currentTree   ├── punycode@2.1.1
239 silly currentTree   ├── qs@6.5.2
239 silly currentTree   ├── randombytes@2.1.0
239 silly currentTree   ├── rc@1.2.8
239 silly currentTree   ├── readable-stream@3.6.0
239 silly currentTree   ├── readdirp@3.5.0
239 silly currentTree   ├── rechoir@0.7.0
239 silly currentTree   ├── reduce-flatten@2.0.0
239 silly currentTree   ├── request@2.88.2
239 silly currentTree   ├── require-directory@2.1.1
239 silly currentTree   ├── require-main-filename@2.0.0
239 silly currentTree   ├── resolve-cwd@3.0.0
239 silly currentTree   ├── resolve-from@5.0.0
239 silly currentTree   ├── resolve@1.18.1
239 silly currentTree   ├── rimraf@2.7.1
239 silly currentTree   ├── ripemd160@2.0.2
239 silly currentTree   ├── rlp@2.2.6
239 silly currentTree   ├── safe-buffer@5.2.1
239 silly currentTree   ├── safer-buffer@2.1.2
239 silly currentTree   ├── sax@1.2.4
239 silly currentTree   ├── schema-utils@3.0.0
239 silly currentTree   ├── scrypt-js@3.0.1
239 silly currentTree   ├── secp256k1@4.0.2
239 silly currentTree   ├── semver@5.3.0
239 silly currentTree   ├── serialize-javascript@5.0.1
239 silly currentTree   ├── set-blocking@2.0.0
239 silly currentTree   ├── setimmediate@1.0.5
239 silly currentTree   ├── sha.js@2.4.11
239 silly currentTree   ├── shebang-command@2.0.0
239 silly currentTree   ├── shebang-regex@3.0.0
239 silly currentTree   ├── signal-exit@3.0.3
239 silly currentTree   ├── slide@1.1.6
239 silly currentTree   ├── source-list-map@2.0.1
239 silly currentTree   ├── source-map-support@0.5.19
239 silly currentTree   ├── source-map@0.6.1
239 silly currentTree   ├── split2@3.2.2
239 silly currentTree   ├── sprintf-js@1.0.3
239 silly currentTree   ├── sqlite3@5.0.0
239 silly currentTree   ├── sshpk@1.16.1
239 silly currentTree   ├── string_decoder@1.3.0
239 silly currentTree   ├── string-width@1.0.2
239 silly currentTree   ├── strip-ansi@3.0.1
239 silly currentTree   ├── strip-final-newline@2.0.0
239 silly currentTree   ├── strip-hex-prefix@1.0.0
239 silly currentTree   ├── strip-json-comments@2.0.1
239 silly currentTree   ├── supports-color@7.2.0
239 silly currentTree   ├── table-layout@1.0.1
239 silly currentTree   ├── tapable@2.0.0
239 silly currentTree   ├── tar@2.2.2
239 silly currentTree   ├── terser-webpack-plugin@5.0.3
239 silly currentTree   ├─┬ terser@5.3.8
239 silly currentTree   │ └── source-map@0.7.3
239 silly currentTree   ├── to-regex-range@5.0.1
239 silly currentTree   ├── tough-cookie@2.5.0
239 silly currentTree   ├── transit-immutable-js@0.7.0
239 silly currentTree   ├── transit-js@0.8.867
239 silly currentTree   ├── ts-node@9.0.0
239 silly currentTree   ├── tslib@1.14.1
239 silly currentTree   ├── tunnel-agent@0.6.0
239 silly currentTree   ├── tweetnacl@0.14.5
239 silly currentTree   ├── typescript@4.0.5
239 silly currentTree   ├── typical@5.2.0
239 silly currentTree   ├── uri-js@4.4.0
239 silly currentTree   ├── utf8@3.0.0
239 silly currentTree   ├── util-deprecate@1.0.2
239 silly currentTree   ├── uuid@3.4.0
239 silly currentTree   ├── v8-compile-cache@2.2.0
239 silly currentTree   ├── verror@1.10.0
239 silly currentTree   ├── watchpack@2.0.1
239 silly currentTree   ├─┬ webpack-cli@4.2.0
239 silly currentTree   │ └── commander@6.2.0
239 silly currentTree   ├── webpack-merge@4.2.2
239 silly currentTree   ├── webpack-sources@2.2.0
239 silly currentTree   ├── webpack@5.4.0
239 silly currentTree   ├── which-module@2.0.0
239 silly currentTree   ├── which@1.3.1
239 silly currentTree   ├── wide-align@1.1.3
239 silly currentTree   ├── wordwrapjs@4.0.0
239 silly currentTree   ├── workerpool@6.0.2
239 silly currentTree   ├─┬ wrap-ansi@7.0.0
239 silly currentTree   │ ├── ansi-regex@5.0.0
239 silly currentTree   │ ├── is-fullwidth-code-point@3.0.0
239 silly currentTree   │ ├── string-width@4.2.0
239 silly currentTree   │ └── strip-ansi@6.0.0
239 silly currentTree   ├── wrappy@1.0.2
239 silly currentTree   ├── write-file-atomic@1.3.4
239 silly currentTree   ├── xtend@4.0.2
239 silly currentTree   ├── y18n@5.0.5
239 silly currentTree   ├── yallist@3.1.1
239 silly currentTree   ├── yargs-parser@20.2.3
239 silly currentTree   ├─┬ yargs-unparser@2.0.0
239 silly currentTree   │ ├── camelcase@6.2.0
239 silly currentTree   │ └── decamelize@4.0.0
239 silly currentTree   ├─┬ yargs@16.1.0
239 silly currentTree   │ ├── ansi-regex@5.0.0
239 silly currentTree   │ ├── is-fullwidth-code-point@3.0.0
239 silly currentTree   │ ├── string-width@4.2.0
239 silly currentTree   │ └── strip-ansi@6.0.0
239 silly currentTree   └── yn@3.1.1
240 silly idealTree scripts
240 silly idealTree └─┬ cic-client-meta@0.0.7-alpha.1
240 silly idealTree   ├── @ethereumjs/common@2.0.0-beta.1
240 silly idealTree   ├── @ethereumjs/tx@3.0.0-beta.1
240 silly idealTree   ├── @types/bn.js@4.11.6
240 silly idealTree   ├── @types/eslint-scope@3.7.0
240 silly idealTree   ├── @types/eslint@7.2.4
240 silly idealTree   ├── @types/estree@0.0.45
240 silly idealTree   ├── @types/json-schema@7.0.6
240 silly idealTree   ├── @types/mocha@8.0.3
240 silly idealTree   ├── @types/node@14.14.6
240 silly idealTree   ├── @types/pbkdf2@3.1.0
240 silly idealTree   ├── @types/secp256k1@4.0.1
240 silly idealTree   ├── @ungap/promise-all-settled@1.1.2
240 silly idealTree   ├── @webassemblyjs/ast@1.9.0
240 silly idealTree   ├── @webassemblyjs/floating-point-hex-parser@1.9.0
240 silly idealTree   ├── @webassemblyjs/helper-api-error@1.9.0
240 silly idealTree   ├── @webassemblyjs/helper-buffer@1.9.0
240 silly idealTree   ├── @webassemblyjs/helper-code-frame@1.9.0
240 silly idealTree   ├── @webassemblyjs/helper-fsm@1.9.0
240 silly idealTree   ├── @webassemblyjs/helper-module-context@1.9.0
240 silly idealTree   ├── @webassemblyjs/helper-wasm-bytecode@1.9.0
240 silly idealTree   ├── @webassemblyjs/helper-wasm-section@1.9.0
240 silly idealTree   ├── @webassemblyjs/ieee754@1.9.0
240 silly idealTree   ├── @webassemblyjs/leb128@1.9.0
240 silly idealTree   ├── @webassemblyjs/utf8@1.9.0
240 silly idealTree   ├── @webassemblyjs/wasm-edit@1.9.0
240 silly idealTree   ├── @webassemblyjs/wasm-gen@1.9.0
240 silly idealTree   ├── @webassemblyjs/wasm-opt@1.9.0
240 silly idealTree   ├── @webassemblyjs/wasm-parser@1.9.0
240 silly idealTree   ├── @webassemblyjs/wast-parser@1.9.0
240 silly idealTree   ├── @webassemblyjs/wast-printer@1.9.0
240 silly idealTree   ├── @webpack-cli/info@1.1.0
240 silly idealTree   ├── @webpack-cli/serve@1.1.0
240 silly idealTree   ├── @xtuc/ieee754@1.2.0
240 silly idealTree   ├── @xtuc/long@4.2.2
240 silly idealTree   ├── abbrev@1.1.1
240 silly idealTree   ├── acorn@8.0.4
240 silly idealTree   ├── aes-js@3.1.2
240 silly idealTree   ├── ajv-keywords@3.5.2
240 silly idealTree   ├── ajv@6.12.6
240 silly idealTree   ├── ansi-colors@4.1.1
240 silly idealTree   ├── ansi-regex@2.1.1
240 silly idealTree   ├── ansi-styles@4.3.0
240 silly idealTree   ├── anymatch@3.1.1
240 silly idealTree   ├── aproba@1.2.0
240 silly idealTree   ├─┬ are-we-there-yet@1.1.5
240 silly idealTree   │ ├── readable-stream@2.3.7
240 silly idealTree   │ ├── safe-buffer@5.1.2
240 silly idealTree   │ └── string_decoder@1.1.1
240 silly idealTree   ├── arg@4.1.3
240 silly idealTree   ├── argparse@1.0.10
240 silly idealTree   ├── array-back@4.0.1
240 silly idealTree   ├── asn1.js@5.4.1
240 silly idealTree   ├── asn1@0.2.4
240 silly idealTree   ├── assert-plus@1.0.0
240 silly idealTree   ├── asynckit@0.4.0
240 silly idealTree   ├── automerge@0.14.1
240 silly idealTree   ├── aws-sign2@0.7.0
240 silly idealTree   ├── aws4@1.11.0
240 silly idealTree   ├── balanced-match@1.0.0
240 silly idealTree   ├── base-x@3.0.8
240 silly idealTree   ├── bcrypt-pbkdf@1.0.2
240 silly idealTree   ├── binary-extensions@2.1.0
240 silly idealTree   ├── blakejs@1.1.0
240 silly idealTree   ├── block-stream@0.0.9
240 silly idealTree   ├── bn.js@4.11.9
240 silly idealTree   ├── brace-expansion@1.1.11
240 silly idealTree   ├── braces@3.0.2
240 silly idealTree   ├── brorand@1.1.0
240 silly idealTree   ├── browser-stdout@1.3.1
240 silly idealTree   ├── browserify-aes@1.2.0
240 silly idealTree   ├── browserslist@4.14.6
240 silly idealTree   ├── bs58@4.0.1
240 silly idealTree   ├── bs58check@2.1.2
240 silly idealTree   ├── buffer-from@1.1.1
240 silly idealTree   ├── buffer-writer@2.0.0
240 silly idealTree   ├── buffer-xor@1.0.3
240 silly idealTree   ├── camelcase@5.3.1
240 silly idealTree   ├── caniuse-lite@1.0.30001156
240 silly idealTree   ├── caseless@0.12.0
240 silly idealTree   ├── chalk@4.1.0
240 silly idealTree   ├── chokidar@3.4.3
240 silly idealTree   ├── chownr@1.1.4
240 silly idealTree   ├── chrome-trace-event@1.0.2
240 silly idealTree   ├── cipher-base@1.0.4
240 silly idealTree   ├─┬ cliui@7.0.3
240 silly idealTree   │ ├── ansi-regex@5.0.0
240 silly idealTree   │ ├── is-fullwidth-code-point@3.0.0
240 silly idealTree   │ ├── string-width@4.2.0
240 silly idealTree   │ └── strip-ansi@6.0.0
240 silly idealTree   ├── code-point-at@1.1.0
240 silly idealTree   ├── color-convert@2.0.1
240 silly idealTree   ├── color-name@1.1.4
240 silly idealTree   ├── colorette@1.2.1
240 silly idealTree   ├── combined-stream@1.0.8
240 silly idealTree   ├─┬ command-line-usage@6.1.0
240 silly idealTree   │ ├── ansi-styles@3.2.1
240 silly idealTree   │ ├── chalk@2.4.2
240 silly idealTree   │ ├── color-convert@1.9.3
240 silly idealTree   │ ├── color-name@1.1.3
240 silly idealTree   │ ├── escape-string-regexp@1.0.5
240 silly idealTree   │ ├── has-flag@3.0.0
240 silly idealTree   │ └── supports-color@5.5.0
240 silly idealTree   ├── commander@2.20.3
240 silly idealTree   ├── concat-map@0.0.1
240 silly idealTree   ├── console-control-strings@1.1.0
240 silly idealTree   ├── core-util-is@1.0.2
240 silly idealTree   ├── crc-32@1.2.0
240 silly idealTree   ├── create-hash@1.2.0
240 silly idealTree   ├── create-hmac@1.1.7
240 silly idealTree   ├─┬ cross-spawn@7.0.3
240 silly idealTree   │ └── which@2.0.2
240 silly idealTree   ├── dashdash@1.14.1
240 silly idealTree   ├── debug@3.2.6
240 silly idealTree   ├── decamelize@1.2.0
240 silly idealTree   ├── deep-extend@0.6.0
240 silly idealTree   ├── delayed-stream@1.0.0
240 silly idealTree   ├── delegates@1.0.0
240 silly idealTree   ├── detect-libc@1.0.3
240 silly idealTree   ├── diff@4.0.2
240 silly idealTree   ├── ecc-jsbn@0.1.2
240 silly idealTree   ├── electron-to-chromium@1.3.591
240 silly idealTree   ├── elliptic@6.5.3
240 silly idealTree   ├── emoji-regex@8.0.0
240 silly idealTree   ├── end-of-stream@1.4.4
240 silly idealTree   ├── enhanced-resolve@5.3.1
240 silly idealTree   ├── enquirer@2.3.6
240 silly idealTree   ├── envinfo@7.7.3
240 silly idealTree   ├── escalade@3.1.1
240 silly idealTree   ├── escape-string-regexp@4.0.0
240 silly idealTree   ├── eslint-scope@5.1.1
240 silly idealTree   ├── esprima@4.0.1
240 silly idealTree   ├─┬ esrecurse@4.3.0
240 silly idealTree   │ └── estraverse@5.2.0
240 silly idealTree   ├── estraverse@4.3.0
240 silly idealTree   ├── ethereum-cryptography@0.1.3
240 silly idealTree   ├─┬ ethereumjs-util@7.0.7
240 silly idealTree   │ └── bn.js@5.1.3
240 silly idealTree   ├── ethereumjs-wallet@1.0.1
240 silly idealTree   ├── ethjs-util@0.1.6
240 silly idealTree   ├── events@3.2.0
240 silly idealTree   ├── evp_bytestokey@1.0.3
240 silly idealTree   ├── execa@4.1.0
240 silly idealTree   ├── exit-on-epipe@1.0.1
240 silly idealTree   ├── extend@3.0.2
240 silly idealTree   ├── extsprintf@1.3.0
240 silly idealTree   ├── fast-deep-equal@3.1.3
240 silly idealTree   ├── fast-json-stable-stringify@2.1.0
240 silly idealTree   ├── fill-range@7.0.1
240 silly idealTree   ├── find-up@5.0.0
240 silly idealTree   ├── flat@5.0.2
240 silly idealTree   ├── forever-agent@0.6.1
240 silly idealTree   ├── form-data@2.3.3
240 silly idealTree   ├── fs-minipass@1.2.7
240 silly idealTree   ├── fs.realpath@1.0.0
240 silly idealTree   ├── fstream@1.0.12
240 silly idealTree   ├── function-bind@1.1.1
240 silly idealTree   ├── gauge@2.7.4
240 silly idealTree   ├── get-caller-file@2.0.5
240 silly idealTree   ├── get-stream@5.2.0
240 silly idealTree   ├── getpass@0.1.7
240 silly idealTree   ├── glob-parent@5.1.1
240 silly idealTree   ├── glob-to-regexp@0.4.1
240 silly idealTree   ├── glob@7.1.6
240 silly idealTree   ├── graceful-fs@4.2.4
240 silly idealTree   ├── growl@1.10.5
240 silly idealTree   ├── har-schema@2.0.0
240 silly idealTree   ├── har-validator@5.1.5
240 silly idealTree   ├── has-flag@4.0.0
240 silly idealTree   ├── has-unicode@2.0.1
240 silly idealTree   ├── has@1.0.3
240 silly idealTree   ├── hash-base@3.1.0
240 silly idealTree   ├── hash.js@1.1.7
240 silly idealTree   ├── he@1.2.0
240 silly idealTree   ├── hmac-drbg@1.0.1
240 silly idealTree   ├── http-signature@1.2.0
240 silly idealTree   ├── human-signals@1.1.1
240 silly idealTree   ├── iconv-lite@0.4.24
240 silly idealTree   ├── ignore-walk@3.0.3
240 silly idealTree   ├── immutable@3.8.2
240 silly idealTree   ├── import-local@3.0.2
240 silly idealTree   ├── imurmurhash@0.1.4
240 silly idealTree   ├── inflight@1.0.6
240 silly idealTree   ├── inherits@2.0.4
240 silly idealTree   ├── ini@1.3.5
240 silly idealTree   ├── interpret@2.2.0
240 silly idealTree   ├── is-binary-path@2.1.0
240 silly idealTree   ├── is-core-module@2.1.0
240 silly idealTree   ├── is-extglob@2.1.1
240 silly idealTree   ├── is-fullwidth-code-point@1.0.0
240 silly idealTree   ├── is-glob@4.0.1
240 silly idealTree   ├── is-hex-prefixed@1.0.0
240 silly idealTree   ├── is-number@7.0.0
240 silly idealTree   ├── is-plain-obj@2.1.0
240 silly idealTree   ├── is-stream@2.0.0
240 silly idealTree   ├── is-typedarray@1.0.0
240 silly idealTree   ├── isarray@1.0.0
240 silly idealTree   ├── isexe@2.0.0
240 silly idealTree   ├── isstream@0.1.2
240 silly idealTree   ├── jest-worker@26.6.2
240 silly idealTree   ├── js-yaml@3.14.0
240 silly idealTree   ├── jsbn@0.1.1
240 silly idealTree   ├── json-parse-better-errors@1.0.2
240 silly idealTree   ├── json-schema-traverse@0.4.1
240 silly idealTree   ├── json-schema@0.2.3
240 silly idealTree   ├── json-stringify-safe@5.0.1
240 silly idealTree   ├── jsprim@1.4.1
240 silly idealTree   ├── keccak@3.0.1
240 silly idealTree   ├── leven@3.1.0
240 silly idealTree   ├── loader-runner@4.1.0
240 silly idealTree   ├── locate-path@6.0.0
240 silly idealTree   ├── lodash@4.17.20
240 silly idealTree   ├── log-symbols@4.0.0
240 silly idealTree   ├── make-error@1.3.6
240 silly idealTree   ├── md5.js@1.3.5
240 silly idealTree   ├── merge-stream@2.0.0
240 silly idealTree   ├── mime-db@1.44.0
240 silly idealTree   ├── mime-types@2.1.27
240 silly idealTree   ├── mimic-fn@2.1.0
240 silly idealTree   ├── minimalistic-assert@1.0.1
240 silly idealTree   ├── minimalistic-crypto-utils@1.0.1
240 silly idealTree   ├── minimatch@3.0.4
240 silly idealTree   ├── minimist@1.2.5
240 silly idealTree   ├── minipass@2.9.0
240 silly idealTree   ├── minizlib@1.3.3
240 silly idealTree   ├── mkdirp@0.5.5
240 silly idealTree   ├─┬ mocha@8.2.1
240 silly idealTree   │ ├── ansi-regex@4.1.0
240 silly idealTree   │ ├── ansi-styles@3.2.1
240 silly idealTree   │ ├── cliui@5.0.0
240 silly idealTree   │ ├── color-convert@1.9.3
240 silly idealTree   │ ├── color-name@1.1.3
240 silly idealTree   │ ├── debug@4.2.0
240 silly idealTree   │ ├── emoji-regex@7.0.3
240 silly idealTree   │ ├── is-fullwidth-code-point@2.0.0
240 silly idealTree   │ ├── locate-path@3.0.0
240 silly idealTree   │ ├── p-limit@2.3.0
240 silly idealTree   │ ├── p-locate@3.0.0
240 silly idealTree   │ ├── path-exists@3.0.0
240 silly idealTree   │ ├── string-width@3.1.0
240 silly idealTree   │ ├── strip-ansi@5.2.0
240 silly idealTree   │ ├── strip-json-comments@3.1.1
240 silly idealTree   │ ├── which@2.0.2
240 silly idealTree   │ ├── wrap-ansi@5.1.0
240 silly idealTree   │ ├── y18n@4.0.0
240 silly idealTree   │ ├── yargs-parser@13.1.2
240 silly idealTree   │ └─┬ yargs@13.3.2
240 silly idealTree   │   └── find-up@3.0.0
240 silly idealTree   ├── ms@2.1.2
240 silly idealTree   ├── nanoid@3.1.12
240 silly idealTree   ├── needle@2.5.2
240 silly idealTree   ├── neo-async@2.6.2
240 silly idealTree   ├── node-addon-api@2.0.0
240 silly idealTree   ├── node-fetch@2.6.1
240 silly idealTree   ├── node-gyp-build@4.2.3
240 silly idealTree   ├── node-gyp@3.8.0
240 silly idealTree   ├── node-localstorage@2.1.6
240 silly idealTree   ├─┬ node-pre-gyp@0.11.0
240 silly idealTree   │ ├── nopt@4.0.3
240 silly idealTree   │ └── tar@4.4.13
240 silly idealTree   ├── node-releases@1.1.66
240 silly idealTree   ├── nopt@3.0.6
240 silly idealTree   ├── normalize-path@3.0.0
240 silly idealTree   ├── npm-bundled@1.1.1
240 silly idealTree   ├── npm-normalize-package-bin@1.0.1
240 silly idealTree   ├── npm-packlist@1.4.8
240 silly idealTree   ├── npm-run-path@4.0.1
240 silly idealTree   ├── npmlog@4.1.2
240 silly idealTree   ├── number-is-nan@1.0.1
240 silly idealTree   ├── oauth-sign@0.9.0
240 silly idealTree   ├── object-assign@4.1.1
240 silly idealTree   ├── once@1.4.0
240 silly idealTree   ├── onetime@5.1.2
240 silly idealTree   ├─┬ openpgp@4.10.8
240 silly idealTree   │ └── node-localstorage@1.3.1
240 silly idealTree   ├── os-homedir@1.0.2
240 silly idealTree   ├── os-tmpdir@1.0.2
240 silly idealTree   ├── osenv@0.1.5
240 silly idealTree   ├── p-limit@3.0.2
240 silly idealTree   ├── p-locate@5.0.0
240 silly idealTree   ├── p-try@2.2.0
240 silly idealTree   ├── packet-reader@1.0.0
240 silly idealTree   ├── path-exists@4.0.0
240 silly idealTree   ├── path-is-absolute@1.0.1
240 silly idealTree   ├── path-key@3.1.1
240 silly idealTree   ├── path-parse@1.0.6
240 silly idealTree   ├── pbkdf2@3.1.1
240 silly idealTree   ├── performance-now@2.1.0
240 silly idealTree   ├── pg-connection-string@2.4.0
240 silly idealTree   ├── pg-int8@1.0.1
240 silly idealTree   ├── pg-pool@3.2.2
240 silly idealTree   ├── pg-protocol@1.3.0
240 silly idealTree   ├── pg-types@2.2.0
240 silly idealTree   ├── pg@8.4.2
240 silly idealTree   ├── pgpass@1.0.4
240 silly idealTree   ├── picomatch@2.2.2
240 silly idealTree   ├─┬ pkg-dir@4.2.0
240 silly idealTree   │ ├── find-up@4.1.0
240 silly idealTree   │ ├── locate-path@5.0.0
240 silly idealTree   │ ├── p-limit@2.3.0
240 silly idealTree   │ └── p-locate@4.1.0
240 silly idealTree   ├── postgres-array@2.0.0
240 silly idealTree   ├── postgres-bytea@1.0.0
240 silly idealTree   ├── postgres-date@1.0.7
240 silly idealTree   ├── postgres-interval@1.2.0
240 silly idealTree   ├── printj@1.1.2
240 silly idealTree   ├── process-nextick-args@2.0.1
240 silly idealTree   ├── psl@1.8.0
240 silly idealTree   ├── pump@3.0.0
240 silly idealTree   ├── punycode@2.1.1
240 silly idealTree   ├── qs@6.5.2
240 silly idealTree   ├── randombytes@2.1.0
240 silly idealTree   ├── rc@1.2.8
240 silly idealTree   ├── readable-stream@3.6.0
240 silly idealTree   ├── readdirp@3.5.0
240 silly idealTree   ├── rechoir@0.7.0
240 silly idealTree   ├── reduce-flatten@2.0.0
240 silly idealTree   ├── request@2.88.2
240 silly idealTree   ├── require-directory@2.1.1
240 silly idealTree   ├── require-main-filename@2.0.0
240 silly idealTree   ├── resolve-cwd@3.0.0
240 silly idealTree   ├── resolve-from@5.0.0
240 silly idealTree   ├── resolve@1.18.1
240 silly idealTree   ├── rimraf@2.7.1
240 silly idealTree   ├── ripemd160@2.0.2
240 silly idealTree   ├── rlp@2.2.6
240 silly idealTree   ├── safe-buffer@5.2.1
240 silly idealTree   ├── safer-buffer@2.1.2
240 silly idealTree   ├── sax@1.2.4
240 silly idealTree   ├── schema-utils@3.0.0
240 silly idealTree   ├── scrypt-js@3.0.1
240 silly idealTree   ├── secp256k1@4.0.2
240 silly idealTree   ├── semver@5.3.0
240 silly idealTree   ├── serialize-javascript@5.0.1
240 silly idealTree   ├── set-blocking@2.0.0
240 silly idealTree   ├── setimmediate@1.0.5
240 silly idealTree   ├── sha.js@2.4.11
240 silly idealTree   ├── shebang-command@2.0.0
240 silly idealTree   ├── shebang-regex@3.0.0
240 silly idealTree   ├── signal-exit@3.0.3
240 silly idealTree   ├── slide@1.1.6
240 silly idealTree   ├── source-list-map@2.0.1
240 silly idealTree   ├── source-map-support@0.5.19
240 silly idealTree   ├── source-map@0.6.1
240 silly idealTree   ├── split2@3.2.2
240 silly idealTree   ├── sprintf-js@1.0.3
240 silly idealTree   ├── sqlite3@5.0.0
240 silly idealTree   ├── sshpk@1.16.1
240 silly idealTree   ├── string_decoder@1.3.0
240 silly idealTree   ├── string-width@1.0.2
240 silly idealTree   ├── strip-ansi@3.0.1
240 silly idealTree   ├── strip-final-newline@2.0.0
240 silly idealTree   ├── strip-hex-prefix@1.0.0
240 silly idealTree   ├── strip-json-comments@2.0.1
240 silly idealTree   ├── supports-color@7.2.0
240 silly idealTree   ├── table-layout@1.0.1
240 silly idealTree   ├── tapable@2.0.0
240 silly idealTree   ├── tar@2.2.2
240 silly idealTree   ├── terser-webpack-plugin@5.0.3
240 silly idealTree   ├─┬ terser@5.3.8
240 silly idealTree   │ └── source-map@0.7.3
240 silly idealTree   ├── to-regex-range@5.0.1
240 silly idealTree   ├── tough-cookie@2.5.0
240 silly idealTree   ├── transit-immutable-js@0.7.0
240 silly idealTree   ├── transit-js@0.8.867
240 silly idealTree   ├── ts-node@9.0.0
240 silly idealTree   ├── tslib@1.14.1
240 silly idealTree   ├── tunnel-agent@0.6.0
240 silly idealTree   ├── tweetnacl@0.14.5
240 silly idealTree   ├── typescript@4.0.5
240 silly idealTree   ├── typical@5.2.0
240 silly idealTree   ├── uri-js@4.4.0
240 silly idealTree   ├── utf8@3.0.0
240 silly idealTree   ├── util-deprecate@1.0.2
240 silly idealTree   ├── uuid@3.4.0
240 silly idealTree   ├── v8-compile-cache@2.2.0
240 silly idealTree   ├── verror@1.10.0
240 silly idealTree   ├── watchpack@2.0.1
240 silly idealTree   ├─┬ webpack-cli@4.2.0
240 silly idealTree   │ └── commander@6.2.0
240 silly idealTree   ├── webpack-merge@4.2.2
240 silly idealTree   ├── webpack-sources@2.2.0
240 silly idealTree   ├── webpack@5.4.0
240 silly idealTree   ├── which-module@2.0.0
240 silly idealTree   ├── which@1.3.1
240 silly idealTree   ├── wide-align@1.1.3
240 silly idealTree   ├── wordwrapjs@4.0.0
240 silly idealTree   ├── workerpool@6.0.2
240 silly idealTree   ├─┬ wrap-ansi@7.0.0
240 silly idealTree   │ ├── ansi-regex@5.0.0
240 silly idealTree   │ ├── is-fullwidth-code-point@3.0.0
240 silly idealTree   │ ├── string-width@4.2.0
240 silly idealTree   │ └── strip-ansi@6.0.0
240 silly idealTree   ├── wrappy@1.0.2
240 silly idealTree   ├── write-file-atomic@1.3.4
240 silly idealTree   ├── xtend@4.0.2
240 silly idealTree   ├── y18n@5.0.5
240 silly idealTree   ├── yallist@3.1.1
240 silly idealTree   ├── yargs-parser@20.2.3
240 silly idealTree   ├─┬ yargs-unparser@2.0.0
240 silly idealTree   │ ├── camelcase@6.2.0
240 silly idealTree   │ └── decamelize@4.0.0
240 silly idealTree   ├─┬ yargs@16.1.0
240 silly idealTree   │ ├── ansi-regex@5.0.0
240 silly idealTree   │ ├── is-fullwidth-code-point@3.0.0
240 silly idealTree   │ ├── string-width@4.2.0
240 silly idealTree   │ └── strip-ansi@6.0.0
240 silly idealTree   └── yn@3.1.1
241 silly install generateActionsToTake
242 timing stage:generateActionsToTake Completed in 13ms
243 silly diffTrees action count 1
244 silly diffTrees update cic-client-meta@0.0.7-alpha.1
245 silly decomposeActions action count 8
246 silly decomposeActions unbuild cic-client-meta@0.0.7-alpha.1
247 silly decomposeActions remove cic-client-meta@0.0.7-alpha.1
248 silly decomposeActions preinstall cic-client-meta@0.0.7-alpha.1
249 silly decomposeActions build cic-client-meta@0.0.7-alpha.1
250 silly decomposeActions install cic-client-meta@0.0.7-alpha.1
251 silly decomposeActions postinstall cic-client-meta@0.0.7-alpha.1
252 silly decomposeActions finalize cic-client-meta@0.0.7-alpha.1
253 silly decomposeActions refresh-package-json cic-client-meta@0.0.7-alpha.1
254 silly install executeActions
255 silly doSerial global-install 8
256 verbose correctMkdir /home/lash/src/ext/cic/grassrootseconomics/cic-internal-integration/apps/contract-migration/scripts/false/_locks correctMkdir not in flight; initializing
257 verbose lock using /home/lash/src/ext/cic/grassrootseconomics/cic-internal-integration/apps/contract-migration/scripts/false/_locks/staging-5da34164c06d3d08.lock for /home/lash/src/ext/cic/grassrootseconomics/cic-internal-integration/apps/contract-migration/scripts/node_modules/.staging
258 silly doParallel extract 0
259 silly doReverseSerial unbuild 8
260 silly unbuild cic-client-meta@0.0.7-alpha.1
261 info lifecycle cic-client-meta@0.0.7-alpha.1~preuninstall: cic-client-meta@0.0.7-alpha.1
262 info lifecycle cic-client-meta@0.0.7-alpha.1~uninstall: cic-client-meta@0.0.7-alpha.1
263 verbose unbuild rmStuff cic-client-meta@0.0.7-alpha.1 from /home/lash/src/ext/cic/grassrootseconomics/cic-internal-integration/apps/contract-migration/scripts/node_modules
264 silly isEverInside /home/lash/src/ext/cic/grassrootseconomics/cic-internal-integration/apps/contract-migration/scripts/node_modules/cic-client-meta is not inside /usr
265 silly isEverInside /home/lash/src/ext/cic/grassrootseconomics/cic-internal-integration/apps/cic-meta is not inside /usr
266 silly isEverInside /home/lash/src/ext/cic/grassrootseconomics/cic-internal-integration/apps/contract-migration/scripts/node_modules/cic-client-meta is not inside /usr/bin
267 silly isEverInside /home/lash/src/ext/cic/grassrootseconomics/cic-internal-integration/apps/cic-meta is not inside /usr/bin
268 silly isEverInside /home/lash/src/ext/cic/grassrootseconomics/cic-internal-integration/apps/contract-migration/scripts/node_modules/cic-client-meta is not inside /usr/lib/node_modules
269 silly isEverInside /home/lash/src/ext/cic/grassrootseconomics/cic-internal-integration/apps/cic-meta is not inside /usr/lib/node_modules
270 info lifecycle cic-client-meta@0.0.7-alpha.1~postuninstall: cic-client-meta@0.0.7-alpha.1
271 timing action:unbuild Completed in 5ms
272 silly doSerial remove 8
273 silly remove /home/lash/src/ext/cic/grassrootseconomics/cic-internal-integration/apps/contract-migration/scripts/node_modules/cic-client-meta
274 timing action:remove Completed in 1ms
275 silly doSerial move 8
276 silly doSerial finalize 8
277 silly finalize /home/lash/src/ext/cic/grassrootseconomics/cic-internal-integration/apps/cic-meta
278 timing action:finalize Completed in 0ms
279 silly doParallel refresh-package-json 1
280 silly refresh-package-json /home/lash/src/ext/cic/grassrootseconomics/cic-internal-integration/apps/cic-meta
281 timing action:refresh-package-json Completed in 2ms
282 silly doParallel preinstall 1
283 silly preinstall cic-client-meta@0.0.7-alpha.1
284 info lifecycle cic-client-meta@0.0.7-alpha.1~preinstall: cic-client-meta@0.0.7-alpha.1
285 timing action:preinstall Completed in 0ms
286 silly doSerial build 8
287 silly build cic-client-meta@0.0.7-alpha.1
288 info linkStuff cic-client-meta@0.0.7-alpha.1
289 silly linkStuff cic-client-meta@0.0.7-alpha.1 has /home/lash/src/ext/cic/grassrootseconomics/cic-internal-integration/apps/contract-migration/scripts/node_modules as its parent node_modules
290 verbose linkBins [
290 verbose linkBins   { 'cic-meta-server': 'dist-server/scripts/server/server.js' },
290 verbose linkBins   '/home/lash/src/ext/cic/grassrootseconomics/cic-internal-integration/apps/contract-migration/scripts/node_modules/.bin',
290 verbose linkBins   false
290 verbose linkBins ]
291 timing action:build Completed in 2ms
292 verbose unlock done using /home/lash/src/ext/cic/grassrootseconomics/cic-internal-integration/apps/contract-migration/scripts/false/_locks/staging-5da34164c06d3d08.lock for /home/lash/src/ext/cic/grassrootseconomics/cic-internal-integration/apps/contract-migration/scripts/node_modules/.staging
293 timing stage:rollbackFailedOptional Completed in 0ms
294 timing stage:runTopLevelLifecycles Completed in 1000ms
295 silly saveTree scripts
295 silly saveTree └─┬ cic-client-meta@0.0.7-alpha.1
295 silly saveTree   ├─┬ @ethereumjs/tx@3.0.0-beta.1
295 silly saveTree   │ ├─┬ @ethereumjs/common@2.0.0-beta.1
295 silly saveTree   │ │ └─┬ crc-32@1.2.0
295 silly saveTree   │ │   ├── exit-on-epipe@1.0.1
295 silly saveTree   │ │   └── printj@1.1.2
295 silly saveTree   │ └─┬ ethereumjs-util@7.0.7
295 silly saveTree   │   ├─┬ @types/bn.js@4.11.6
295 silly saveTree   │   │ └── @types/node@14.14.6
295 silly saveTree   │   ├── bn.js@5.1.3
295 silly saveTree   │   ├─┬ create-hash@1.2.0
295 silly saveTree   │   │ ├─┬ cipher-base@1.0.4
295 silly saveTree   │   │ │ ├── inherits@2.0.4
295 silly saveTree   │   │ │ └── safe-buffer@5.2.1
295 silly saveTree   │   │ ├── inherits@2.0.4
295 silly saveTree   │   │ ├─┬ md5.js@1.3.5
295 silly saveTree   │   │ │ └─┬ hash-base@3.1.0
295 silly saveTree   │   │ │   └─┬ readable-stream@3.6.0
295 silly saveTree   │   │ │     ├── string_decoder@1.3.0
295 silly saveTree   │   │ │     └── util-deprecate@1.0.2
295 silly saveTree   │   │ ├── ripemd160@2.0.2
295 silly saveTree   │   │ └── sha.js@2.4.11
295 silly saveTree   │   ├─┬ ethereum-cryptography@0.1.3
295 silly saveTree   │   │ ├── @types/pbkdf2@3.1.0
295 silly saveTree   │   │ ├── @types/secp256k1@4.0.1
295 silly saveTree   │   │ ├── blakejs@1.1.0
295 silly saveTree   │   │ ├─┬ browserify-aes@1.2.0
295 silly saveTree   │   │ │ ├── buffer-xor@1.0.3
295 silly saveTree   │   │ │ └── evp_bytestokey@1.0.3
295 silly saveTree   │   │ ├─┬ bs58check@2.1.2
295 silly saveTree   │   │ │ └─┬ bs58@4.0.1
295 silly saveTree   │   │ │   └── base-x@3.0.8
295 silly saveTree   │   │ ├── create-hmac@1.1.7
295 silly saveTree   │   │ ├─┬ hash.js@1.1.7
295 silly saveTree   │   │ │ └── minimalistic-assert@1.0.1
295 silly saveTree   │   │ ├─┬ keccak@3.0.1
295 silly saveTree   │   │ │ ├── node-addon-api@2.0.0
295 silly saveTree   │   │ │ └── node-gyp-build@4.2.3
295 silly saveTree   │   │ ├── pbkdf2@3.1.1
295 silly saveTree   │   │ ├── randombytes@2.1.0
295 silly saveTree   │   │ ├── scrypt-js@3.0.1
295 silly saveTree   │   │ ├─┬ secp256k1@4.0.2
295 silly saveTree   │   │ │ └─┬ elliptic@6.5.3
295 silly saveTree   │   │ │   ├── bn.js@4.11.9
295 silly saveTree   │   │ │   ├── brorand@1.1.0
295 silly saveTree   │   │ │   ├─┬ hmac-drbg@1.0.1
295 silly saveTree   │   │ │   │ └── minimalistic-crypto-utils@1.0.1
295 silly saveTree   │   │ │   └── minimalistic-crypto-utils@1.0.1
295 silly saveTree   │   │ └── setimmediate@1.0.5
295 silly saveTree   │   ├─┬ ethjs-util@0.1.6
295 silly saveTree   │   │ ├── is-hex-prefixed@1.0.0
295 silly saveTree   │   │ └── strip-hex-prefix@1.0.0
295 silly saveTree   │   └── rlp@2.2.6
295 silly saveTree   ├─┬ automerge@0.14.1
295 silly saveTree   │ ├── immutable@3.8.2
295 silly saveTree   │ ├── transit-immutable-js@0.7.0
295 silly saveTree   │ ├── transit-js@0.8.867
295 silly saveTree   │ └── uuid@3.4.0
295 silly saveTree   ├─┬ ethereumjs-wallet@1.0.1
295 silly saveTree   │ ├── aes-js@3.1.2
295 silly saveTree   │ └── utf8@3.0.0
295 silly saveTree   ├── ini@1.3.5
295 silly saveTree   ├─┬ openpgp@4.10.8
295 silly saveTree   │ ├─┬ asn1.js@5.4.1
295 silly saveTree   │ │ └── safer-buffer@2.1.2
295 silly saveTree   │ ├── node-fetch@2.6.1
295 silly saveTree   │ └─┬ node-localstorage@1.3.1
295 silly saveTree   │   └─┬ write-file-atomic@1.3.4
295 silly saveTree   │     ├── graceful-fs@4.2.4
295 silly saveTree   │     ├── imurmurhash@0.1.4
295 silly saveTree   │     └── slide@1.1.6
295 silly saveTree   ├─┬ pg@8.4.2
295 silly saveTree   │ ├── buffer-writer@2.0.0
295 silly saveTree   │ ├── packet-reader@1.0.0
295 silly saveTree   │ ├── pg-connection-string@2.4.0
295 silly saveTree   │ ├── pg-pool@3.2.2
295 silly saveTree   │ ├── pg-protocol@1.3.0
295 silly saveTree   │ ├─┬ pg-types@2.2.0
295 silly saveTree   │ │ ├── pg-int8@1.0.1
295 silly saveTree   │ │ ├── postgres-array@2.0.0
295 silly saveTree   │ │ ├── postgres-bytea@1.0.0
295 silly saveTree   │ │ ├── postgres-date@1.0.7
295 silly saveTree   │ │ └─┬ postgres-interval@1.2.0
295 silly saveTree   │ │   └── xtend@4.0.2
295 silly saveTree   │ └─┬ pgpass@1.0.4
295 silly saveTree   │   └── split2@3.2.2
295 silly saveTree   ├─┬ sqlite3@5.0.0
295 silly saveTree   │ ├─┬ node-gyp@3.8.0
295 silly saveTree   │ │ ├─┬ fstream@1.0.12
295 silly saveTree   │ │ │ ├─┬ mkdirp@0.5.5
295 silly saveTree   │ │ │ │ └── minimist@1.2.5
295 silly saveTree   │ │ │ └─┬ rimraf@2.7.1
295 silly saveTree   │ │ │   └─┬ glob@7.1.6
295 silly saveTree   │ │ │     ├── fs.realpath@1.0.0
295 silly saveTree   │ │ │     ├─┬ inflight@1.0.6
295 silly saveTree   │ │ │     │ ├─┬ once@1.4.0
295 silly saveTree   │ │ │     │ │ └── wrappy@1.0.2
295 silly saveTree   │ │ │     │ └── wrappy@1.0.2
295 silly saveTree   │ │ │     ├─┬ minimatch@3.0.4
295 silly saveTree   │ │ │     │ └─┬ brace-expansion@1.1.11
295 silly saveTree   │ │ │     │   ├── balanced-match@1.0.0
295 silly saveTree   │ │ │     │   └── concat-map@0.0.1
295 silly saveTree   │ │ │     ├── once@1.4.0
295 silly saveTree   │ │ │     └── path-is-absolute@1.0.1
295 silly saveTree   │ │ ├── glob@7.1.6
295 silly saveTree   │ │ ├── mkdirp@0.5.5
295 silly saveTree   │ │ ├─┬ nopt@3.0.6
295 silly saveTree   │ │ │ └── abbrev@1.1.1
295 silly saveTree   │ │ ├─┬ npmlog@4.1.2
295 silly saveTree   │ │ │ ├─┬ are-we-there-yet@1.1.5
295 silly saveTree   │ │ │ │ ├── delegates@1.0.0
295 silly saveTree   │ │ │ │ └─┬ readable-stream@2.3.7
295 silly saveTree   │ │ │ │   ├── core-util-is@1.0.2
295 silly saveTree   │ │ │ │   ├── isarray@1.0.0
295 silly saveTree   │ │ │ │   ├── process-nextick-args@2.0.1
295 silly saveTree   │ │ │ │   ├── safe-buffer@5.1.2
295 silly saveTree   │ │ │ │   └── string_decoder@1.1.1
295 silly saveTree   │ │ │ ├── console-control-strings@1.1.0
295 silly saveTree   │ │ │ ├─┬ gauge@2.7.4
295 silly saveTree   │ │ │ │ ├── aproba@1.2.0
295 silly saveTree   │ │ │ │ ├── has-unicode@2.0.1
295 silly saveTree   │ │ │ │ ├── object-assign@4.1.1
295 silly saveTree   │ │ │ │ ├── signal-exit@3.0.3
295 silly saveTree   │ │ │ │ ├─┬ string-width@1.0.2
295 silly saveTree   │ │ │ │ │ ├── code-point-at@1.1.0
295 silly saveTree   │ │ │ │ │ ├─┬ is-fullwidth-code-point@1.0.0
295 silly saveTree   │ │ │ │ │ │ └── number-is-nan@1.0.1
295 silly saveTree   │ │ │ │ │ └─┬ strip-ansi@3.0.1
295 silly saveTree   │ │ │ │ │   └── ansi-regex@2.1.1
295 silly saveTree   │ │ │ │ ├── strip-ansi@3.0.1
295 silly saveTree   │ │ │ │ └── wide-align@1.1.3
295 silly saveTree   │ │ │ └── set-blocking@2.0.0
295 silly saveTree   │ │ ├─┬ osenv@0.1.5
295 silly saveTree   │ │ │ ├── os-homedir@1.0.2
295 silly saveTree   │ │ │ └── os-tmpdir@1.0.2
295 silly saveTree   │ │ ├─┬ request@2.88.2
295 silly saveTree   │ │ │ ├── aws-sign2@0.7.0
295 silly saveTree   │ │ │ ├── aws4@1.11.0
295 silly saveTree   │ │ │ ├── caseless@0.12.0
295 silly saveTree   │ │ │ ├─┬ combined-stream@1.0.8
295 silly saveTree   │ │ │ │ └── delayed-stream@1.0.0
295 silly saveTree   │ │ │ ├── extend@3.0.2
295 silly saveTree   │ │ │ ├── forever-agent@0.6.1
295 silly saveTree   │ │ │ ├─┬ form-data@2.3.3
295 silly saveTree   │ │ │ │ ├── asynckit@0.4.0
295 silly saveTree   │ │ │ │ └─┬ mime-types@2.1.27
295 silly saveTree   │ │ │ │   └── mime-db@1.44.0
295 silly saveTree   │ │ │ ├─┬ har-validator@5.1.5
295 silly saveTree   │ │ │ │ ├─┬ ajv@6.12.6
295 silly saveTree   │ │ │ │ │ ├── fast-deep-equal@3.1.3
295 silly saveTree   │ │ │ │ │ ├── fast-json-stable-stringify@2.1.0
295 silly saveTree   │ │ │ │ │ ├── json-schema-traverse@0.4.1
295 silly saveTree   │ │ │ │ │ └─┬ uri-js@4.4.0
295 silly saveTree   │ │ │ │ │   └── punycode@2.1.1
295 silly saveTree   │ │ │ │ └── har-schema@2.0.0
295 silly saveTree   │ │ │ ├─┬ http-signature@1.2.0
295 silly saveTree   │ │ │ │ ├── assert-plus@1.0.0
295 silly saveTree   │ │ │ │ ├─┬ jsprim@1.4.1
295 silly saveTree   │ │ │ │ │ ├── extsprintf@1.3.0
295 silly saveTree   │ │ │ │ │ ├── json-schema@0.2.3
295 silly saveTree   │ │ │ │ │ └── verror@1.10.0
295 silly saveTree   │ │ │ │ └─┬ sshpk@1.16.1
295 silly saveTree   │ │ │ │   ├── asn1@0.2.4
295 silly saveTree   │ │ │ │   ├─┬ bcrypt-pbkdf@1.0.2
295 silly saveTree   │ │ │ │   │ └── tweetnacl@0.14.5
295 silly saveTree   │ │ │ │   ├── dashdash@1.14.1
295 silly saveTree   │ │ │ │   ├─┬ ecc-jsbn@0.1.2
295 silly saveTree   │ │ │ │   │ └── jsbn@0.1.1
295 silly saveTree   │ │ │ │   ├── getpass@0.1.7
295 silly saveTree   │ │ │ │   ├── jsbn@0.1.1
295 silly saveTree   │ │ │ │   └── tweetnacl@0.14.5
295 silly saveTree   │ │ │ ├── is-typedarray@1.0.0
295 silly saveTree   │ │ │ ├── isstream@0.1.2
295 silly saveTree   │ │ │ ├── json-stringify-safe@5.0.1
295 silly saveTree   │ │ │ ├── mime-types@2.1.27
295 silly saveTree   │ │ │ ├── oauth-sign@0.9.0
295 silly saveTree   │ │ │ ├── performance-now@2.1.0
295 silly saveTree   │ │ │ ├── qs@6.5.2
295 silly saveTree   │ │ │ ├─┬ tough-cookie@2.5.0
295 silly saveTree   │ │ │ │ └── psl@1.8.0
295 silly saveTree   │ │ │ └── tunnel-agent@0.6.0
295 silly saveTree   │ │ ├── rimraf@2.7.1
295 silly saveTree   │ │ ├── semver@5.3.0
295 silly saveTree   │ │ ├─┬ tar@2.2.2
295 silly saveTree   │ │ │ └── block-stream@0.0.9
295 silly saveTree   │ │ └─┬ which@1.3.1
295 silly saveTree   │ │   └── isexe@2.0.0
295 silly saveTree   │ └─┬ node-pre-gyp@0.11.0
295 silly saveTree   │   ├── detect-libc@1.0.3
295 silly saveTree   │   ├─┬ needle@2.5.2
295 silly saveTree   │   │ ├─┬ debug@3.2.6
295 silly saveTree   │   │ │ └── ms@2.1.2
295 silly saveTree   │   │ ├── iconv-lite@0.4.24
295 silly saveTree   │   │ └── sax@1.2.4
295 silly saveTree   │   ├── nopt@4.0.3
295 silly saveTree   │   ├─┬ npm-packlist@1.4.8
295 silly saveTree   │   │ ├── ignore-walk@3.0.3
295 silly saveTree   │   │ ├─┬ npm-bundled@1.1.1
295 silly saveTree   │   │ │ └── npm-normalize-package-bin@1.0.1
295 silly saveTree   │   │ └── npm-normalize-package-bin@1.0.1
295 silly saveTree   │   ├─┬ rc@1.2.8
295 silly saveTree   │   │ ├── deep-extend@0.6.0
295 silly saveTree   │   │ └── strip-json-comments@2.0.1
295 silly saveTree   │   └─┬ tar@4.4.13
295 silly saveTree   │     ├── chownr@1.1.4
295 silly saveTree   │     ├─┬ fs-minipass@1.2.7
295 silly saveTree   │     │ └─┬ minipass@2.9.0
295 silly saveTree   │     │   └── yallist@3.1.1
295 silly saveTree   │     ├── minipass@2.9.0
295 silly saveTree   │     ├── minizlib@1.3.3
295 silly saveTree   │     └── yallist@3.1.1
295 silly saveTree   └─┬ yargs@16.1.0
295 silly saveTree     ├─┬ cliui@7.0.3
295 silly saveTree     │ ├─┬ string-width@4.2.0
295 silly saveTree     │ │ ├── emoji-regex@8.0.0
295 silly saveTree     │ │ ├── is-fullwidth-code-point@3.0.0
295 silly saveTree     │ │ └─┬ strip-ansi@6.0.0
295 silly saveTree     │ │   └── ansi-regex@5.0.0
295 silly saveTree     │ ├── strip-ansi@6.0.0
295 silly saveTree     │ └─┬ wrap-ansi@7.0.0
295 silly saveTree     │   ├─┬ ansi-styles@4.3.0
295 silly saveTree     │   │ └─┬ color-convert@2.0.1
295 silly saveTree     │   │   └── color-name@1.1.4
295 silly saveTree     │   ├─┬ string-width@4.2.0
295 silly saveTree     │   │ ├── is-fullwidth-code-point@3.0.0
295 silly saveTree     │   │ └─┬ strip-ansi@6.0.0
295 silly saveTree     │   │   └── ansi-regex@5.0.0
295 silly saveTree     │   └── strip-ansi@6.0.0
295 silly saveTree     ├── escalade@3.1.1
295 silly saveTree     ├── get-caller-file@2.0.5
295 silly saveTree     ├── require-directory@2.1.1
295 silly saveTree     ├─┬ string-width@4.2.0
295 silly saveTree     │ ├── is-fullwidth-code-point@3.0.0
295 silly saveTree     │ └─┬ strip-ansi@6.0.0
295 silly saveTree     │   └── ansi-regex@5.0.0
295 silly saveTree     ├── y18n@5.0.5
295 silly saveTree     └── yargs-parser@20.2.3
296 warn notsup Unsupported engine for cic-client-meta@0.0.7-alpha.1: wanted: {"node":"~15.3.0"} (current: {"node":"15.6.0","npm":"6.14.11"})
297 warn notsup Not compatible with your version of node/npm: cic-client-meta@0.0.7-alpha.1
298 verbose notsup Not compatible with your version of node/npm: cic-client-meta@0.0.7-alpha.1
298 verbose notsup Required: {"node":"~15.3.0"}
298 verbose notsup Actual:   {"npm":"6.14.11","node":"15.6.0"}
299 warn enoent ENOENT: no such file or directory, open '/home/lash/src/ext/cic/grassrootseconomics/cic-internal-integration/apps/contract-migration/scripts/package.json'
300 verbose enoent This is related to npm not being able to find a file.
301 warn scripts No description
302 warn scripts No repository field.
303 warn scripts No README data
304 warn scripts No license field.
305 verbose stack Error: ENOENT: no such file or directory, chmod '/home/lash/src/ext/cic/grassrootseconomics/cic-internal-integration/apps/contract-migration/scripts/node_modules/cic-client-meta/dist-server/scripts/server/server.js'
306 verbose cwd /home/lash/src/ext/cic/grassrootseconomics/cic-internal-integration/apps/contract-migration/scripts
307 verbose Linux 5.10.8-arch1-1
308 verbose argv "/usr/bin/node" "/usr/bin/npm" "install" "--no-cache" "../../../apps/cic-meta"
309 verbose node v15.6.0
310 verbose npm  v6.14.11
311 error code ENOENT
312 error syscall chmod
313 error path /home/lash/src/ext/cic/grassrootseconomics/cic-internal-integration/apps/contract-migration/scripts/node_modules/cic-client-meta/dist-server/scripts/server/server.js
314 error errno -2
315 error enoent ENOENT: no such file or directory, chmod '/home/lash/src/ext/cic/grassrootseconomics/cic-internal-integration/apps/contract-migration/scripts/node_modules/cic-client-meta/dist-server/scripts/server/server.js'
316 error enoent This is related to npm not being able to find a file.
317 verbose exit [ -2, true ]
